[ Linux version 4.15.0-212-generic (buildd@lcy02-amd64-083) (gcc version 7.5.0 (Ubuntu 7.5.0-3ubuntu1~18.04)) #223-Ubuntu SMP Tue May 23 13:09:22 UTC 2023 (Ubuntu 4.15.0-212.223-generic 4.15.18)
[    0.000000] Command line: BOOT_IMAGE=/boot/vmlinuz-4.15.0-212-generic root=LABEL=cloudimg-rootfs ro console=tty1 console=ttyS0
[    0.000000] KERNEL supported cpus:
[    0.000000]   Intel GenuineIntel
[    0.000000]   AMD AuthenticAMD
[    0.000000]   Centaur CentaurHauls
[    0.000000] x86/fpu: x87 FPU will use FXSAVE
[    0.000000] e820: BIOS-provided physical RAM map:
[    0.000000] BIOS-e820: [mem 0x0000000000000000-0x000000000009fbff] usable
[    0.000000] BIOS-e820: [mem 0x000000000009fc00-0x000000000009ffff] reserved
[    0.000000] BIOS-e820: [mem 0x00000000000f0000-0x00000000000fffff] reserved
[    0.000000] BIOS-e820: [mem 0x0000000000100000-0x000000001ffeffff] usable
[    0.000000] BIOS-e820: [mem 0x000000001fff0000-0x000000001fffffff] ACPI data
[    0.000000] BIOS-e820: [mem 0x00000000fec00000-0x00000000fec00fff] reserved
[    0.000000] BIOS-e820: [mem 0x00000000fee00000-0x00000000fee00fff] reserved
[    0.000000] BIOS-e820: [mem 0x00000000fffc0000-0x00000000ffffffff] reserved
[    0.000000] NX (Execute Disable) protection: active
[    0.000000] SMBIOS 2.5 present.
[    0.000000] DMI: innotek GmbH VirtualBox/VirtualBox, BIOS VirtualBox 12/01/2006
[    0.000000] Hypervisor detected: KVM
[    0.000000] e820: last_pfn = 0x1fff0 max_arch_pfn = 0x400000000
[    0.000000] MTRR: Disabled
[    0.000000] x86/PAT: MTRRs disabled, skipping PAT initialization too.
[    0.000000] CPU MTRRs all blank - virtualized system.
[    0.000000] x86/PAT: Configuration [0-7]: WB  WT  UC- UC  WB  WT  UC- UC  
[    0.000000] found SMP MP-table at [mem 0x0009fff0-0x0009ffff]
[    0.000000] Scanning 1 areas for low memory corruption
[    0.000000] RAMDISK: [mem 0x1db01000-0x1ee12fff]
[    0.000000] ACPI: Early table checksum verification disabled
[    0.000000] ACPI: RSDP 0x00000000000E0000 000024 (v02 VBOX  )
[    0.000000] ACPI: XSDT 0x000000001FFF0030 00003C (v01 VBOX   VBOXXSDT 00000001 ASL  00000061)
[    0.000000] ACPI: FACP 0x000000001FFF00F0 0000F4 (v04 VBOX   VBOXFACP 00000001 ASL  00000061)
[    0.000000] ACPI: DSDT 0x000000001FFF0610 002353 (v02 VBOX   VBOXBIOS 00000002 INTL 20100528)
[    0.000000] ACPI: FACS 0x000000001FFF0200 000040
[    0.000000] ACPI: FACS 0x000000001FFF0200 000040
[    0.000000] ACPI: APIC 0x000000001FFF0240 00005C (v02 VBOX   VBOXAPIC 00000001 ASL  00000061)
[    0.000000] ACPI: SSDT 0x000000001FFF02A0 00036C (v01 VBOX   VBOXCPUT 00000002 INTL 20100528)
[    0.000000] ACPI: Reserving FACP table memory at [mem 0x1fff00f0-0x1fff01e3]
[    0.000000] ACPI: Reserving DSDT table memory at [mem 0x1fff0610-0x1fff2962]
[    0.000000] ACPI: Reserving FACS table memory at [mem 0x1fff0200-0x1fff023f]
[    0.000000] ACPI: Reserving FACS table memory at [mem 0x1fff0200-0x1fff023f]
[    0.000000] ACPI: Reserving APIC table memory at [mem 0x1fff0240-0x1fff029b]
[    0.000000] ACPI: Reserving SSDT table memory at [mem 0x1fff02a0-0x1fff060b]
[    0.000000] No NUMA configuration found
[    0.000000] Faking a node at [mem 0x0000000000000000-0x000000001ffeffff]
[    0.000000] NODE_DATA(0) allocated [mem 0x1ffc5000-0x1ffeffff]
[    0.000000] kvm-clock: cpu 0, msr 0:1ff44001, primary cpu clock
[    0.000000] kvm-clock: Using msrs 4b564d01 and 4b564d00
[    0.000000] kvm-clock: using sched offset of 32360097054 cycles
[    0.000000] clocksource: kvm-clock: mask: 0xffffffffffffffff max_cycles: 0x1cd42e4dffb, max_idle_ns: 881590591483 ns
[    0.000000] Zone ranges:
[    0.000000]   DMA      [mem 0x0000000000001000-0x0000000000ffffff]
[    0.000000]   DMA32    [mem 0x0000000001000000-0x000000001ffeffff]
[    0.000000]   Normal   empty
[    0.000000]   Device   empty
[    0.000000] Movable zone start for each node
[    0.000000] Early memory node ranges
[    0.000000]   node   0: [mem 0x0000000000001000-0x000000000009efff]
[    0.000000]   node   0: [mem 0x0000000000100000-0x000000001ffeffff]
[    0.000000] Reserved but unavailable: 104 pages
[    0.000000] Initmem setup node 0 [mem 0x0000000000001000-0x000000001ffeffff]
[    0.000000] ACPI: PM-Timer IO Port: 0x4008
[    0.000000] IOAPIC[0]: apic_id 2, version 32, address 0xfec00000, GSI 0-23
[    0.000000] ACPI: INT_SRC_OVR (bus 0 bus_irq 0 global_irq 2 dfl dfl)
[    0.000000] ACPI: INT_SRC_OVR (bus 0 bus_irq 9 global_irq 9 low level)
[    0.000000] Using ACPI (MADT) for SMP configuration information
[    0.000000] smpboot: Allowing 2 CPUs, 0 hotplug CPUs
[    0.000000] PM: Registered nosave memory: [mem 0x00000000-0x00000fff]
[    0.000000] PM: Registered nosave memory: [mem 0x0009f000-0x0009ffff]
[    0.000000] PM: Registered nosave memory: [mem 0x000a0000-0x000effff]
[    0.000000] PM: Registered nosave memory: [mem 0x000f0000-0x000fffff]
[    0.000000] e820: [mem 0x20000000-0xfebfffff] available for PCI devices
[    0.000000] Booting paravirtualized kernel on KVM
[    0.000000] clocksource: refined-jiffies: mask: 0xffffffff max_cycles: 0xffffffff, max_idle_ns: 7645519600211568 ns
[    0.000000] setup_percpu: NR_CPUS:8192 nr_cpumask_bits:2 nr_cpu_ids:2 nr_node_ids:1
[    0.000000] percpu: Embedded 50 pages/cpu s167936 r8192 d28672 u1048576
[    0.000000] PV qspinlock hash table entries: 256 (order: 0, 4096 bytes)
[    0.000000] Built 1 zonelists, mobility grouping on.  Total pages: 128889
[    0.000000] Policy zone: DMA32
[    0.000000] Kernel command line: BOOT_IMAGE=/boot/vmlinuz-4.15.0-212-generic root=LABEL=cloudimg-rootfs ro console=tty1 console=ttyS0
[    0.000000] Memory: 466548K/523832K available (12300K kernel code, 2477K rwdata, 4324K rodata, 2480K init, 2720K bss, 57284K reserved, 0K cma-reserved)
[    0.000000] SLUB: HWalign=64, Order=0-3, MinObjects=0, CPUs=2, Nodes=1
[    0.000000] Kernel/User page tables isolation: enabled
[    0.000000] ftrace: allocating 39508 entries in 155 pages
[    0.004000] Hierarchical RCU implementation.
[    0.004000] 	RCU restricting CPUs from NR_CPUS=8192 to nr_cpu_ids=2.
[    0.004000] 	Tasks RCU enabled.
[    0.004000] RCU: Adjusting geometry for rcu_fanout_leaf=16, nr_cpu_ids=2
[    0.004000] NR_IRQS: 524544, nr_irqs: 440, preallocated irqs: 16
[    0.004000] Console: colour VGA+ 80x25
[    0.004000] console [tty1] enabled
[    0.004000] console [ttyS0] enabled
[    0.004000] ACPI: Core revision 20170831
[    0.004000] ACPI: 2 ACPI AML tables successfully acquired and loaded
[    0.004000] APIC: Switch to symmetric I/O mode setup
[    0.004000] x2apic enabled
[    0.004000] Switched APIC routing to physical x2apic.
[    0.005276] ..TIMER: vector=0x30 apic1=0 pin1=2 apic2=-1 pin2=-1
[    0.008004] tsc: Detected 2793.164 MHz processor
[    0.012011] Calibrating delay loop (skipped) preset value.. 5586.32 BogoMIPS (lpj=11172656)
[    0.014189] pid_max: default: 32768 minimum: 301
[    0.015390] Security Framework initialized
[    0.016004] Yama: becoming mindful.
[    0.016906] AppArmor: AppArmor initialized
[    0.018083] Dentry cache hash table entries: 65536 (order: 7, 524288 bytes)
[    0.020060] Inode-cache hash table entries: 32768 (order: 6, 262144 bytes)
[    0.021733] Mount-cache hash table entries: 1024 (order: 1, 8192 bytes)
[    0.023412] Mountpoint-cache hash table entries: 1024 (order: 1, 8192 bytes)
[    0.024303] Last level iTLB entries: 4KB 512, 2MB 7, 4MB 7
[    0.025685] Last level dTLB entries: 4KB 512, 2MB 32, 4MB 32, 1GB 0
[    0.028004] Spectre V1 : Mitigation: usercopy/swapgs barriers and __user pointer sanitization
[    0.030456] Spectre V2 : Mitigation: Retpolines
[    0.032023] Spectre V2 : Spectre v2 / SpectreRSB mitigation: Filling RSB on context switch
[    0.036003] Spectre V2 : Spectre v2 / SpectreRSB : Filling RSB on VMEXIT
[    0.038643] Speculative Store Bypass: Vulnerable
[    0.040063] MDS: Vulnerable: Clear CPU buffers attempted, no microcode
[    0.042439] MMIO Stale Data: Unknown: No mitigations
[    0.044210] Freeing SMP alternatives memory: 36K
[    0.157062] smpboot: CPU0: Intel(R) Core(TM) i7 CPU         860  @ 2.80GHz (family: 0x6, model: 0x1e, stepping: 0x5)
[    0.160000] Performance Events: unsupported p6 CPU model 30 no PMU driver, software events only.
[    0.160076] Hierarchical SRCU implementation.
[    0.164626] NMI watchdog: Perf event create on CPU 0 failed with -2
[    0.166637] NMI watchdog: Perf NMI watchdog permanently disabled
[    0.168072] smp: Bringing up secondary CPUs ...
[    0.169696] x86: Booting SMP configuration:
[    0.171041] .... node  #0, CPUs:      #1
[    0.004000] kvm-clock: cpu 1, msr 0:1ff44041, secondary cpu clock
[    0.176022] smp: Brought up 1 node, 2 CPUs
[    0.177383] smpboot: Max logical packages: 1
[    0.178705] smpboot: Total of 2 processors activated (11172.65 BogoMIPS)
[    0.180149] devtmpfs: initialized
[    0.181174] x86/mm: Memory block size: 128MB
[    0.184168] evm: security.selinux
[    0.185356] evm: security.SMACK64
[    0.186589] evm: security.SMACK64EXEC
[    0.187913] evm: security.SMACK64TRANSMUTE
[    0.188005] evm: security.SMACK64MMAP
[    0.189420] evm: security.apparmor
[    0.192004] evm: security.ima
[    0.192955] evm: security.capability
[    0.194144] clocksource: jiffies: mask: 0xffffffff max_cycles: 0xffffffff, max_idle_ns: 7645041785100000 ns
[    0.196024] futex hash table entries: 512 (order: 3, 32768 bytes)
[    0.200058] pinctrl core: initialized pinctrl subsystem
[    0.201633] RTC time: 23:01:31, date: 07/10/24
[    0.203136] NET: Registered protocol family 16
[    0.204093] audit: initializing netlink subsys (disabled)
[    0.205590] audit: type=2000 audit(1720652524.440:1): state=initialized audit_enabled=0 res=1
[    0.208066] cpuidle: using governor ladder
[    0.209238] cpuidle: using governor menu
[    0.210504] ACPI: bus type PCI registered
[    0.212004] acpiphp: ACPI Hot Plug PCI Controller Driver version: 0.5
[    0.213943] PCI: Using configuration type 1 for base access
[    0.217111] HugeTLB registered 2.00 MiB page size, pre-allocated 0 pages
[    0.220075] ACPI: Added _OSI(Module Device)
[    0.221160] ACPI: Added _OSI(Processor Device)
[    0.222252] ACPI: Added _OSI(3.0 _SCP Extensions)
[    0.224005] ACPI: Added _OSI(Processor Aggregator Device)
[    0.225440] ACPI: Added _OSI(Linux-Dell-Video)
[    0.226691] ACPI: Added _OSI(Linux-Lenovo-NV-HDMI-Audio)
[    0.228009] ACPI: Added _OSI(Linux-HPI-Hybrid-Graphics)
[    0.229866] ACPI: Executed 1 blocks of module-level executable AML code
[    0.236779] ACPI: Interpreter enabled
[    0.238193] ACPI: (supports S0 S5)
[    0.239159] ACPI: Using IOAPIC for interrupt routing
[    0.242053] PCI: Using host bridge windows from ACPI; if necessary, use "pci=nocrs" and report a bug
[    0.244248] ACPI: Enabled 2 GPEs in block 00 to 07
[    0.256036] ACPI: PCI Root Bridge [PCI0] (domain 0000 [bus 00-ff])
[    0.258199] acpi PNP0A03:00: _OSC: OS supports [ASPM ClockPM Segments MSI]
[    0.260217] acpi PNP0A03:00: _OSC: not requesting OS control; OS requires [ExtendedConfig ASPM ClockPM MSI]
[    0.263020] acpi PNP0A03:00: fail to add MMCONFIG information, can't access extended PCI configuration space under this bridge.
[    0.268189] PCI host bridge to bus 0000:00
[    0.269297] pci_bus 0000:00: root bus resource [io  0x0000-0x0cf7 window]
[    0.271419] pci_bus 0000:00: root bus resource [io  0x0d00-0xffff window]
[    0.272004] pci_bus 0000:00: root bus resource [mem 0x000a0000-0x000bffff window]
[    0.273847] pci_bus 0000:00: root bus resource [mem 0x20000000-0xfdffffff window]
[    0.276005] pci_bus 0000:00: root bus resource [bus 00-ff]
[    0.282602] pci 0000:00:01.1: legacy IDE quirk: reg 0x10: [io  0x01f0-0x01f7]
[    0.284004] pci 0000:00:01.1: legacy IDE quirk: reg 0x14: [io  0x03f6]
[    0.285580] pci 0000:00:01.1: legacy IDE quirk: reg 0x18: [io  0x0170-0x0177]
[    0.287302] pci 0000:00:01.1: legacy IDE quirk: reg 0x1c: [io  0x0376]
[    0.305252] pci 0000:00:07.0: quirk: [io  0x4000-0x403f] claimed by PIIX4 ACPI
[    0.307214] pci 0000:00:07.0: quirk: [io  0x4100-0x410f] claimed by PIIX4 SMB
[    0.319449] ACPI: PCI Interrupt Link [LNKA] (IRQs 5 9 10 *11)
[    0.320465] ACPI: PCI Interrupt Link [LNKB] (IRQs 5 9 *10 11)
[    0.324189] ACPI: PCI Interrupt Link [LNKC] (IRQs 5 *9 10 11)
[    0.325760] ACPI: PCI Interrupt Link [LNKD] (IRQs 5 9 10 *11)
[    0.327700] SCSI subsystem initialized
[    0.328064] pci 0000:00:02.0: vgaarb: setting as boot VGA device
[    0.329493] pci 0000:00:02.0: vgaarb: VGA device added: decodes=io+mem,owns=io+mem,locks=none
[    0.332012] pci 0000:00:02.0: vgaarb: bridge control possible
[    0.333541] vgaarb: loaded
[    0.334262] ACPI: bus type USB registered
[    0.336031] usbcore: registered new interface driver usbfs
[    0.337478] usbcore: registered new interface driver hub
[    0.338793] usbcore: registered new device driver usb
[    0.340064] EDAC MC: Ver: 3.0.0
[    0.341201] PCI: Using ACPI for IRQ routing
[    0.341594] NetLabel: Initializing
[    0.344003] NetLabel:  domain hash size = 128
[    0.345193] NetLabel:  protocols = UNLABELED CIPSOv4 CALIPSO
[    0.346707] NetLabel:  unlabeled traffic allowed by default
[    0.348140] clocksource: Switched to clocksource kvm-clock
[    0.367977] VFS: Disk quotas dquot_6.6.0
[    0.369358] VFS: Dquot-cache hash table entries: 512 (order 0, 4096 bytes)
[    0.371379] AppArmor: AppArmor Filesystem Enabled
[    0.372754] pnp: PnP ACPI init
[    0.375087] pnp: PnP ACPI: found 3 devices
[    0.386376] clocksource: acpi_pm: mask: 0xffffff max_cycles: 0xffffff, max_idle_ns: 2085701024 ns
[    0.388780] NET: Registered protocol family 2
[    0.389967] IP idents hash table entries: 8192 (order: 4, 65536 bytes)
[    0.391865] TCP established hash table entries: 4096 (order: 3, 32768 bytes)
[    0.393625] TCP bind hash table entries: 4096 (order: 4, 65536 bytes)
[    0.395256] TCP: Hash tables configured (established 4096 bind 4096)
[    0.397068] UDP hash table entries: 256 (order: 1, 8192 bytes)
[    0.398460] UDP-Lite hash table entries: 256 (order: 1, 8192 bytes)
[    0.400133] NET: Registered protocol family 1
[    0.401291] pci 0000:00:00.0: Limiting direct PCI/PCI transfers
[    0.402793] pci 0000:00:01.0: Activating ISA DMA hang workarounds
[    0.404341] pci 0000:00:02.0: Video device with shadowed ROM at [mem 0x000c0000-0x000dffff]
[    0.406460] Unpacking initramfs...
[    0.738283] Freeing initrd memory: 19528K
[    0.739771] clocksource: tsc: mask: 0xffffffffffffffff max_cycles: 0x28430767698, max_idle_ns: 440795346239 ns
[    0.743085] platform rtc_cmos: registered platform RTC device (no PNP device found)
[    0.745634] Scanning for low memory corruption every 60 seconds
[    0.748325] Initialise system trusted keyrings
[    0.749790] Key type blacklist registered
[    0.751214] workingset: timestamp_bits=36 max_order=17 bucket_order=0
[    0.754613] zbud: loaded
[    0.756171] squashfs: version 4.0 (2009/01/31) Phillip Lougher
[    0.758332] fuse init (API version 7.26)
[    0.765000] Key type asymmetric registered
[    0.766333] Asymmetric key parser 'x509' registered
[    0.767954] Block layer SCSI generic (bsg) driver version 0.4 loaded (major 246)
[    0.770408] io scheduler noop registered
[    0.771715] io scheduler deadline registered
[    0.773282] io scheduler cfq registered (default)
[    0.775195] ACPI: AC Adapter [AC] (on-line)
[    0.776738] input: Power Button as /devices/LNXSYSTM:00/LNXPWRBN:00/input/input0
[    0.779179] ACPI: Power Button [PWRF]
[    0.780632] input: Sleep Button as /devices/LNXSYSTM:00/LNXSLPBN:00/input/input1
[    0.782945] ACPI: Sleep Button [SLPF]
[    0.784685] Serial: 8250/16550 driver, 32 ports, IRQ sharing enabled
[    0.807864] 00:02: ttyS0 at I/O 0x3f8 (irq = 4, base_baud = 115200) is a 16550A
[    0.814534] Linux agpgart interface v0.103
[    0.818258] loop: module loaded
[    0.820203] scsi host0: ata_piix
[    0.821407] scsi host1: ata_piix
[    0.822583] ata1: PATA max UDMA/33 cmd 0x1f0 ctl 0x3f6 bmdma 0xd000 irq 14
[    0.824744] ata2: PATA max UDMA/33 cmd 0x170 ctl 0x376 bmdma 0xd008 irq 15
[    0.826917] tun: Universal TUN/TAP device driver, 1.6
[    0.828864] PPP generic driver version 2.4.2
[    0.830342] ehci_hcd: USB 2.0 'Enhanced' Host Controller (EHCI) Driver
[    0.832444] ehci-pci: EHCI PCI platform driver
[    0.833878] ehci-platform: EHCI generic platform driver
[    0.835682] ohci_hcd: USB 1.1 'Open' Host Controller (OHCI) Driver
[    0.837766] ohci-pci: OHCI PCI platform driver
[    0.839180] ohci-platform: OHCI generic platform driver
[    0.840867] uhci_hcd: USB Universal Host Controller Interface driver
[    0.842907] i8042: PNP: PS/2 Controller [PNP0303:PS2K,PNP0f03:PS2M] at 0x60,0x64 irq 1,12
[    0.846150] serio: i8042 KBD port at 0x60,0x64 irq 1
[    0.847687] serio: i8042 AUX port at 0x60,0x64 irq 12
[    0.849505] mousedev: PS/2 mouse device common for all mice
[    0.852199] input: AT Translated Set 2 keyboard as /devices/platform/i8042/serio0/input/input2
[    0.855003] rtc_cmos rtc_cmos: rtc core: registered rtc_cmos as rtc0
[    0.856869] rtc_cmos rtc_cmos: alarms up to one day, 114 bytes nvram
[    0.858610] i2c /dev entries driver
[    0.859688] device-mapper: uevent: version 1.0.3
[    0.861195] device-mapper: ioctl: 4.37.0-ioctl (2017-09-20) initialised: dm-devel@redhat.com
[    0.863371] ledtrig-cpu: registered to indicate activity on CPUs
[    0.865518] NET: Registered protocol family 10
[    0.871171] Segment Routing with IPv6
[    0.872155] NET: Registered protocol family 17
[    0.873508] Key type dns_resolver registered
[    0.874763] mce: Using 0 MCE banks
[    0.875680] RAS: Correctable Errors collector initialized.
[    0.877226] sched_clock: Marking stable (877186187, 0)->(1567093148, -689906961)
[    0.880114] registered taskstats version 1
[    0.881198] Loading compiled-in X.509 certificates
[    0.885271] Loaded X.509 cert 'Build time autogenerated kernel key: b5b26778eaa3ab3a4a6cee031137706e947d12ad'
[    0.888401] Loaded X.509 cert 'Canonical Ltd. Live Patch Signing: 14df34d1a87cf37625abec039ef2bf521249b969'
[    0.892292] Loaded X.509 cert 'Canonical Ltd. Kernel Module Signing: 88f752e560a1e0737e31163a466ad7b70a850c19'
[    0.895488] blacklist: Loading compiled-in revocation X.509 certificates
[    0.897394] Loaded X.509 cert 'Canonical Ltd. Secure Boot Signing: 61482aa2830d0ab2ad5af10b7250da9033ddcef0'
[    0.900020] Loaded X.509 cert 'Canonical Ltd. Secure Boot Signing (2017): 242ade75ac4a15e50d50c84b0d45ff3eae707a03'
[    0.902778] Loaded X.509 cert 'Canonical Ltd. Secure Boot Signing (ESM 2018): 365188c1d374d6b07c3c8f240f8ef722433d6a8b'
[    0.905542] Loaded X.509 cert 'Canonical Ltd. Secure Boot Signing (2019): c0746fd6c5da3ae827864651ad66ae47fe24b3e8'
[    0.908080] Loaded X.509 cert 'Canonical Ltd. Secure Boot Signing (2021 v1): a8d54bbb3825cfb94fa13c9f8a594a195c107b8d'
[    0.910926] Loaded X.509 cert 'Canonical Ltd. Secure Boot Signing (2021 v2): 4cf046892d6fd3c9a5b03f98d845f90851dc6a8c'
[    0.913791] Loaded X.509 cert 'Canonical Ltd. Secure Boot Signing (2021 v3): 100437bb6de6e469b581e61cd66bce3ef4ed53af'
[    0.916489] Loaded X.509 cert 'Canonical Ltd. Secure Boot Signing (Ubuntu Core 2019): c1d57b8f6b743f23ee41f4f7ee292f06eecadfb9'
[    0.919536] zswap: loaded using pool lzo/zbud
[    0.924761] Key type big_key registered
[    0.925762] Key type trusted registered
[    0.928791] Key type encrypted registered
[    0.929799] AppArmor: AppArmor sha1 policy hashing enabled
[    0.931111] ima: No TPM chip found, activating TPM-bypass! (rc=-19)
[    0.932723] ima: Allocated hash algorithm: sha1
[    0.934003] evm: HMAC attrs: 0x1
[    0.935203]   Magic number: 0:161:49
[    0.936398] rtc_cmos rtc_cmos: setting system clock to 2024-07-10 23:01:31 UTC (1720652491)
[    0.939424] BIOS EDD facility v0.16 2004-Jun-25, 0 devices found
[    0.941475] EDD information not available.
[    1.011977] Freeing unused kernel image memory: 2480K
[    1.024673] Write protecting the kernel read-only data: 20480k
[    1.027977] Freeing unused kernel image memory: 2008K
[    1.030561] Freeing unused kernel image memory: 1820K
[    1.042954] x86/mm: Checked W+X mappings: passed, no W+X pages found.
[    1.045239] x86/mm: Checking user space page tables
[    1.056665] x86/mm: Checked W+X mappings: passed, no W+X pages found.
Loading, please wait...
starting version 237
[    1.183198] e1000: Intel(R) PRO/1000 Network Driver - version 7.3.21-k8-NAPI
[    1.185976] e1000: Copyright (c) 1999-2006 Intel Corporation.
[    1.189769] Fusion MPT base driver 3.04.20
[    1.191519] Copyright (c) 1999-2008 LSI Corporation
[    1.209812] Fusion MPT SPI Host driver 3.04.20
[    1.401974] input: ImExPS/2 Generic Explorer Mouse as /devices/platform/i8042/serio1/input/input4
[    1.626285] e1000 0000:00:03.0 eth0: (PCI:33MHz:32-bit) 02:3b:7b:b7:3b:2d
[    1.628024] e1000 0000:00:03.0 eth0: Intel(R) PRO/1000 Network Connection
[    1.631173] mptbase: ioc0: Initiating bringup
[    1.740693] ioc0: LSI53C1030 A0: Capabilities={Initiator}
[    2.003624] scsi host2: ioc0: LSI53C1030 A0, FwRev=00000000h, Ports=1, MaxQ=256, IRQ=20
[    2.177398] scsi 2:0:0:0: Direct-Access     VBOX     HARDDISK         1.0  PQ: 0 ANSI: 5
[    2.212082] scsi target2:0:0: Beginning Domain Validation
[    2.232158] scsi target2:0:0: Domain Validation skipping write tests
[    2.234362] scsi target2:0:0: Ending Domain Validation
[    2.236422] scsi target2:0:0: asynchronous
[    2.254646] scsi 2:0:1:0: Direct-Access     VBOX     HARDDISK         1.0  PQ: 0 ANSI: 5
[    2.496778] scsi target2:0:1: Beginning Domain Validation
[    2.502335] scsi target2:0:1: Domain Validation skipping write tests
[    2.504206] scsi target2:0:1: Ending Domain Validation
[    2.505779] scsi target2:0:1: asynchronous
[    2.513931] sd 2:0:0:0: [sda] 83886080 512-byte logical blocks: (42.9 GB/40.0 GiB)
[    2.516624] sd 2:0:0:0: [sda] Write Protect is off
[    2.518215] sd 2:0:0:0: Attached scsi generic sg0 type 0
[    2.520042] sd 2:0:0:0: [sda] Incomplete mode parameter data
[    2.521713] sd 2:0:0:0: [sda] Assuming drive cache: write through
[    2.525706] sd 2:0:1:0: Attached scsi generic sg1 type 0
[    2.529776]  sda: sda1
[    2.532143] sd 2:0:0:0: [sda] Attached SCSI disk
[    2.540181] sd 2:0:1:0: [sdb] 20480 512-byte logical blocks: (10.5 MB/10.0 MiB)
[    2.543021] sd 2:0:1:0: [sdb] Write Protect is off
[    2.545595] sd 2:0:1:0: [sdb] Incomplete mode parameter data
[    2.547323] sd 2:0:1:0: [sdb] Assuming drive cache: write through
[    2.632733] sd 2:0:1:0: [sdb] Attached SCSI disk
[    2.642160] e1000 0000:00:08.0 eth1: (PCI:33MHz:32-bit) 08:00:27:7d:c9:3c
[    2.644974] e1000 0000:00:08.0 eth1: Intel(R) PRO/1000 Network Connection
[    2.648656] e1000 0000:00:08.0 enp0s8: renamed from eth1
[    2.664501] e1000 0000:00:03.0 enp0s3: renamed from eth0
Begin: Loading essential drivers ... [    4.504044] raid6: sse2x1   gen()  7869 MB/s
[    4.552169] raid6: sse2x1   xor()  5974 MB/s
[    4.600303] raid6: sse2x2   gen()  8494 MB/s
[    4.648165] raid6: sse2x2   xor()  6610 MB/s
[    4.696978] raid6: sse2x4   gen()  9072 MB/s
[    4.744794] raid6: sse2x4   xor()  6081 MB/s
[    4.746744] raid6: using algorithm sse2x4 gen() 9072 MB/s
[    4.748890] raid6: .... xor() 6081 MB/s, rmw enabled
[    4.750632] raid6: using ssse3x2 recovery algorithm
[    4.753935] xor: measuring software checksum speed
[    4.792638]    prefetch64-sse: 11190.000 MB/sec
[    4.832718]    generic_sse: 12194.000 MB/sec
[    4.833906] xor: using function: generic_sse (12194.000 MB/sec)
[    4.836997] async_tx: api initialized (async)
done.
Begin: Running /scripts/init-premount ... done.
Begin: Mounting root file system ... Begin: Running /scripts/local-top ... done.
Begin: Running /scripts/local-premount ... [    4.897533] Btrfs loaded, crc32c=crc32c-intel
Scanning for Btrfs filesystems
done.
Warning: fsck not present, so skipping root file system
[    5.428800] EXT4-fs (sda1): mounted filesystem with ordered data mode. Opts: (null)
done.
Begin: Running /scripts/local-bottom ... done.
Begin: Running /scripts/init-bottom ... done.
[    8.663874] random: crng init done
[   13.734891] ip_tables: (C) 2000-2006 Netfilter Core Team
[   14.045384] systemd[1]: systemd 237 running in system mode. (+PAM +AUDIT +SELINUX +IMA +APPARMOR +SMACK +SYSVINIT +UTMP +LIBCRYPTSETUP +GCRYPT +GNUTLS +ACL +XZ +LZ4 +SECCOMP +BLKID +ELFUTILS +KMOD -IDN2 +IDN -PCRE2 default-hierarchy=hybrid)
[   14.064000] systemd[1]: Detected virtualization oracle.
[   14.069013] systemd[1]: Detected architecture x86-64.

Welcome to [1mUbuntu 18.04.6 LTS[0m!

[   14.235541] systemd[1]: Set hostname to <ubuntu>.
[   14.492221] systemd[1]: Initializing machine ID from random generator.
[   14.496172] systemd[1]: Installed transient /etc/machine-id file.
[   21.401702] systemd[1]: Set up automount Arbitrary Executable File Formats File System Automount Point.
[[0;32m  OK  [0m] Set up automount Arbitrary Executab…rmats File System Automount Point.
[   21.408332] systemd[1]: Reached target System Time Synchronized.
[[0;32m  OK  [0m] Reached target System Time Synchronized.
[   21.413052] systemd[1]: Started Forward Password Requests to Wall Directory Watch.
[[0;32m  OK  [0m] Started Forward Password Requests to Wall Directory Watch.
[   21.420798] systemd[1]: Created slice System Slice.
[[0;32m  OK  [0m] Created slice System Slice.
[   21.423836] systemd[1]: Listening on LVM2 poll daemon socket.
[[0;32m  OK  [0m] Listening on LVM2 poll daemon socket.
[   21.427451] systemd[1]: Listening on udev Control Socket.
[[0;32m  OK  [0m] Listening on udev Control Socket.
[   21.430158] systemd[1]: Listening on /dev/initctl Compatibility Named Pipe.
[[0;32m  OK  [0m] Listening on /dev/initctl Compatibility Named Pipe.
[   21.433523] systemd[1]: Listening on Journal Audit Socket.
[[0;32m  OK  [0m] Listening on Journal Audit Socket.
[   21.436689] systemd[1]: Listening on Journal Socket (/dev/log).
[[0;32m  OK  [0m] Listening on Journal Socket (/dev/log).
[   21.440181] systemd[1]: Listening on fsck to fsckd communication Socket.
[[0;32m  OK  [0m] Listening on fsck to fsckd communication Socket.
[[0;32m  OK  [0m] Listening on Network Service Netlink Socket.
[[0;32m  OK  [0m] Listening on LVM2 metadata daemon socket.
[[0;32m  OK  [0m] Reached target Swap.
[[0;32m  OK  [0m] Reached target User and Group Name Lookups.
[[0;32m  OK  [0m] Reached target Mounting snaps.
[[0;32m  OK  [0m] Listening on Journal Socket.
         Starting Load Kernel Modules...
         Starting Set the console keyboard layout...
[[0;32m  OK  [0m] Created slice system-serial\x2dgetty.slice.
         Mounting Huge Pages File System...
[[0;32m  OK  [0m] Listening on Syslog Socket.
         Starting Uncomplicated firewall...
         Starting File System Check on Root Device...
         Mounting POSIX Message Queue File System...
         Mounting Kernel Debug File System...
[[0;32m  OK  [0m] Reached target Mounted snaps.
[[0;32m  OK  [0m] Listening on Device-mapper event daemon FIFOs.
         Starting Monitoring of LVM2 mirrors…ng dmeventd or progress polling...
[[0;32m  OK  [0m] Listening on udev Kernel Socket.
         Starting udev Coldplug all Devices...
         Starting Journal Service...
[[0;32m  OK  [0m] Created slice User and Session Slice.
[[0;32m  OK  [0m] Reached target Slices.
         Starting Create list of required st…ce nodes for the current kernel...
[[0;32m  OK  [0m] Started Uncomplicated firewall.
[[0;32m  OK  [0m] Started File System Check Daemon to report status.
[[0;32m  OK  [0m] Started Journal Service.
[[0;32m  OK  [0m] Started Create list of required sta…vice nodes for the current kernel.
         Starting Create Static Device Nodes in /dev...
[   23.408330] Loading iSCSI transport class v2.0-870.
[[0;32m  OK  [0m] Mounted POSIX Message Queue File System.
[[0;32m  OK  [0m] Mounted Huge Pages File System.
[[0;32m  OK  [0m] Mounted Kernel Debug File System.
[[0;32m  OK  [0m] Started udev Coldplug all Devices.
[   24.131903] iscsi: registered transport (tcp)
[[0;32m  OK  [0m] Started File System Check on Root Device.
         Starting Remount Root and Kernel File Systems...
[   25.956883] iscsi: registered transport (iser)
[   25.960515] EXT4-fs (sda1): re-mounted. Opts: (null)
[[0;32m  OK  [0m] Started Load Kernel Modules.
         Mounting Kernel Configuration File System...
         Starting Apply Kernel Variables...
         Mounting FUSE Control File System...
[[0;32m  OK  [0m] Started Remount Root and Kernel File Systems.
[[0;32m  OK  [0m] Mounted Kernel Configuration File System.
[[0;32m  OK  [0m] Mounted FUSE Control File System.
         Starting Load/Save Random Seed...
         Starting Flush Journal to Persistent Storage...
[   27.236770] systemd-journald[379]: Received request to flush runtime journal from PID 1
[[0;32m  OK  [0m] Started LVM2 metadata daemon.
[[0;32m  OK  [0m] Started Load/Save Random Seed.
[[0;32m  OK  [0m] Started Create Static Device Nodes in /dev.
         Starting udev Kernel Device Manager...
[[0;32m  OK  [0m] Started Apply Kernel Variables.
[[0;32m  OK  [0m] Started Flush Journal to Persistent Storage.
[[0;32m  OK  [0m] Started Monitoring of LVM2 mirrors,…sing dmeventd or progress polling.
[[0;32m  OK  [0m] Started udev Kernel Device Manager.
[[0;32m  OK  [0m] Found device /dev/ttyS0.
[[0;32m  OK  [0m] Listening on Load/Save RF Kill Switch Status /dev/rfkill Watch.
[[0;32m  OK  [0m] Started Set the console keyboard layout.
[[0;32m  OK  [0m] Reached target Local File Systems (Pre).
[[0;32m  OK  [0m] Reached target Local File Systems.
         Starting Tell Plymouth To Write Out Runtime Data...
         Starting AppArmor initialization...
         Starting Create Volatile Files and Directories...
         Starting Commit a transient machine-id on disk...
         Starting ebtables ruleset management...
         Starting Set console font and keymap...
[[0;32m  OK  [0m] Started Dispatch Password Requests to Console Directory Watch.
[[0;32m  OK  [0m] Reached target Local Encrypted Volumes.
[[0;32m  OK  [0m] Started Tell Plymouth To Write Out Runtime Data.
         Mounting Arbitrary Executable File Formats File System...
[[0;32m  OK  [0m] Started Commit a transient machine-id on disk.
[[0;32m  OK  [0m] Mounted Arbitrary Executable File Formats File System.
[[0;32m  OK  [0m] Started Create Volatile Files and Directories.
         Starting Update UTMP about System Boot/Shutdown...
[[0;32m  OK  [0m] Started Update UTMP about System Boot/Shutdown.
[[0;32m  OK  [0m] Started ebtables ruleset management.
[[0;32m  OK  [0m] Started Set console font and keymap.
[[0;32m  OK  [0m] Started AppArmor initialization.
         Starting Load AppArmor profiles managed internally by snapd...
         Starting Initial cloud-init job (pre-networking)...
[[0;32m  OK  [0m] Started Load AppArmor profiles managed internally by snapd.
[   78.603465] cloud-init[755]: Cloud-init v. 23.1.2-0ubuntu0~18.04.1 running 'init-local' at Wed, 10 Jul 2024 23:02:46 +0000. Up 76.13 seconds.
[[0;32m  OK  [0m] Started Initial cloud-init job (pre-networking).
[[0;32m  OK  [0m] Reached target Network (Pre).
         Starting Network Service...
[[0;32m  OK  [0m] Started Network Service.
         Starting Network Name Resolution...
         Starting Wait for Network to be Configured...
[[0;32m  OK  [0m] Started Network Name Resolution.
[[0;32m  OK  [0m] Reached target Host and Network Name Lookups.
[[0;32m  OK  [0m] Reached target Network.
[[0;32m  OK  [0m] Started Wait for Network to be Configured.
         Starting Initial cloud-init job (metadata service crawler)...
[   81.378718] cloud-init[921]: Cloud-init v. 23.1.2-0ubuntu0~18.04.1 running 'init' at Wed, 10 Jul 2024 23:02:51 +0000. Up 81.09 seconds.
[   81.381640] cloud-init[921]: ci-info: ++++++++++++++++++++++++++++++++++++++Net device info+++++++++++++++++++++++++++++++++++++++
[   81.383997] cloud-init[921]: ci-info: +--------+-------+----------------------------+---------------+--------+-------------------+
[   81.386390] cloud-init[921]: ci-info: | Device |   Up  |          Address           |      Mask     | Scope  |     Hw-Address    |
[   81.389382] cloud-init[921]: ci-info: +--------+-------+----------------------------+---------------+--------+-------------------+
[   81.392259] cloud-init[921]: ci-info: | enp0s3 |  True |         10.0.2.15          | 255.255.255.0 | global | 02:3b:7b:b7:3b:2d |
[   81.408973] cloud-init[921]: ci-info: | enp0s3 |  True | fe80::3b:7bff:feb7:3b2d/64 |       .       |  link  | 02:3b:7b:b7:3b:2d |
[   81.411948] cloud-init[921]: ci-info: | enp0s8 | False |             .              |       .       |   .    | 08:00:27:7d:c9:3c |
[   81.414585] cloud-init[921]: ci-info: |   lo   |  True |         127.0.0.1          |   255.0.0.0   |  host  |         .         |
[   81.417516] cloud-init[921]: ci-info: |   lo   |  True |          ::1/128           |       .       |  host  |         .         |
[   81.421054] cloud-init[921]: ci-info: +--------+-------+----------------------------+---------------+--------+-------------------+
[   81.424040] cloud-init[921]: ci-info: ++++++++++++++++++++++++++++Route IPv4 info+++++++++++++++++++++++++++++
[   81.426456] cloud-init[921]: ci-info: +-------+-------------+----------+-----------------+-----------+-------+
[   81.428497] cloud-init[921]: ci-info: | Route | Destination | Gateway  |     Genmask     | Interface | Flags |
[   81.431565] cloud-init[921]: ci-info: +-------+-------------+----------+-----------------+-----------+-------+
[   81.468890] cloud-init[921]: ci-info: |   0   |   0.0.0.0   | 10.0.2.2 |     0.0.0.0     |   enp0s3  |   UG  |
[   81.471348] cloud-init[921]: ci-info: |   1   |   10.0.2.0  | 0.0.0.0  |  255.255.255.0  |   enp0s3  |   U   |
[   81.484910] cloud-init[921]: ci-info: |   2   |   10.0.2.2  | 0.0.0.0  | 255.255.255.255 |   enp0s3  |   UH  |
[   81.487841] cloud-init[921]: ci-info: +-------+-------------+----------+-----------------+-----------+-------+
[   81.500558] cloud-init[921]: ci-info: +++++++++++++++++++Route IPv6 info+++++++++++++++++++
[   81.503289] cloud-init[921]: ci-info: +-------+-------------+---------+-----------+-------+
[   81.505452] cloud-init[921]: ci-info: | Route | Destination | Gateway | Interface | Flags |
[   81.517158] cloud-init[921]: ci-info: +-------+-------------+---------+-----------+-------+
[   81.519487] cloud-init[921]: ci-info: |   1   |  fe80::/64  |    ::   |   enp0s3  |   U   |
[   81.521924] cloud-init[921]: ci-info: |   3   |    local    |    ::   |   enp0s3  |   U   |
[   81.524323] cloud-init[921]: ci-info: |   4   |   ff00::/8  |    ::   |   enp0s3  |   U   |
[   81.526789] cloud-init[921]: ci-info: +-------+-------------+---------+-----------+-------+
[   90.384280] cloud-init[921]: Generating public/private rsa key pair.
[   90.385983] cloud-init[921]: Your identification has been saved in /etc/ssh/ssh_host_rsa_key.
[   90.396666] cloud-init[921]: Your public key has been saved in /etc/ssh/ssh_host_rsa_key.pub.
[   90.408453] cloud-init[921]: The key fingerprint is:
[   90.421081] cloud-init[921]: SHA256:edGqdL6dWxE599Rc773Vr2vi5EgeaS0yMXWlHh0PPKo root@ubuntu-bionic
[   90.448430] cloud-init[921]: The key's randomart image is:
[   90.449827] cloud-init[921]: +---[RSA 2048]----+
[   90.465024] cloud-init[921]: |             .+ .|
[   90.466108] cloud-init[921]: |           . +o*+|
[   90.467354] cloud-init[921]: |          o =.=.B|
[   90.468665] cloud-init[921]: |         o =.. *+|
[   90.480767] cloud-init[921]: |        S +.. . *|
[   90.482235] cloud-init[921]: |       . BEo   .+|
[   90.483316] cloud-init[921]: |        + B o ...|
[   90.492477] cloud-init[921]: |         * O.o.. |
[   90.493747] cloud-init[921]: |          +.*+o. |
[   90.494873] cloud-init[921]: +----[SHA256]-----+
[   90.496546] cloud-init[921]: Generating public/private dsa key pair.
[   90.498199] cloud-init[921]: Your identification has been saved in /etc/ssh/ssh_host_dsa_key.
[   90.500804] cloud-init[921]: Your public key has been saved in /etc/ssh/ssh_host_dsa_key.pub.
[   90.503372] cloud-init[921]: The key fingerprint is:
[   90.504992] cloud-init[921]: SHA256:uB+9g/0Lr2e/hGWvdp7tpp5m0s0iu1kEjwUGiwBKE8A root@ubuntu-bionic
[   90.507955] cloud-init[921]: The key's randomart image is:
[   90.510103] cloud-init[921]: +---[DSA 1024]----+
[   90.511912] cloud-init[921]: |o.+....   ..o    |
[   90.513842] cloud-init[921]: | E o   . . o .   |
[   90.515280] cloud-init[921]: |  .     . . . .  |
[   90.516802] cloud-init[921]: |       .     =   |
[[0;32m  OK  [0m[   90.528394] cloud-init[921]: |      . S   . =  |
[   90.528850] cloud-init[921]: |       . .   = . |
[   90.530248] cloud-init[921]: |      . .oo ..oo.|
[   90.530961] cloud-init[921]: |       ...o+=+*oB|
[   90.531958] cloud-init[921]: |        . o*B%BX+|
] Started Initial cloud-init job (metadata service crawler).
[   90.533247] cloud-init[921]: +----[SHA256]-----+
[   90.537544] cloud-init[921]: Generating public/private ecdsa key pair.
[   90.539444] cloud-init[921]: Your identification has been saved in /etc/ssh/ssh_host_ecdsa_key.
[[   90.542194] cloud-init[921]: Your public key has been saved in /etc/ssh/ssh_host_ecdsa_key.pub.
[   90.542419] cloud-init[921]: The key fingerprint is:
[   90.545440] cloud-init[921]: SHA256:b1PmhNDHnkW5OpkPOLqHdH3lm0RD1zTE66fRrutEPbM root@ubuntu-bionic
[   90.546217] cloud-init[921]: The key's randomart image is:
[   90.549589] cloud-init[921]: +---[ECDSA 256]---+
[   90.550683] cloud-init[921]: |              +=o|
[   90.552516] cloud-init[921]: |         . . ..o+|
[   90.552999] cloud-init[921]: |        . . o o.o|
[   90.554768] cloud-init[921]: |         . + o.=.|
[   90.555369] cloud-init[921]: |        S .o*++*o|
[   90.557297] cloud-init[921]: |        ..+=B.ooB|
[   90.557602] cloud-init[921]: |       . ++..=oE+|
[   90.558526] cloud-init[921]: |        o... .oo.|
[   90.559950] cloud-init[921]: |        .o   .+o |
[   90.561082] cloud-init[921]: +----[SHA256]-----+
[   90.563112] cloud-init[921]: Generating public/private ed25519 key pair.
[   90.563855] cloud-init[921]: Your identification has been saved in /etc/ssh/ssh_host_ed25519_key.
[   90.565982] cloud-init[921]: [0;32m  OK  [0mYour public key has been saved in /etc/ssh/ssh_host_ed25519_key.pub.
[   90.569036] cloud-init[921]: The key fingerprint is:
] Reached target Network is Online.[   90.571122] cloud-init[921]: SHA256:uYaLvaRDn0g1Grtsn1hgGgfj0LjwuBHqZqBa+b+W9Ko root@ubuntu-bionic
[   90.572966] cloud-init[921]: The key's randomart image is:
[   90.574845] cloud-init[921]: +--[ED25519 256]--+
[   90.576213] cloud-init[921]: |                 |
[   90.577263] cloud-init[921]: | o               |
[   90.578958] cloud-init[921]: |= +              |
[   90.579301] cloud-init[921]: |oB o. o  .       |
[   90.580806] cloud-init[921]: |* + += .S        |
[   90.581472] cloud-init[921]: |+o *=... .       |
[   90.583197] cloud-init[921]: |o+++ =++o        |
[   90.584822] cloud-init[921]: |+. .*B=+.        |
[   90.589119] cloud-init[921]: |.  .E*X+         |
[   90.591303] cloud-init[921]: +----[SHA256]-----+

[[0;32m  OK  [0m] Reached target Remote File Systems (Pre).
[[0;32m  OK  [0m] Reached target Remote File Systems.
         Starting Availability of block devices...
[[0;32m  OK  [0m] Reached target System Initialization.
[[0;32m  OK  [0m] Listening on cloud-init hotplug hook socket.
[[0;32m  OK  [0m] Started Discard unused blocks once a week.
[[0;32m  OK  [0m] Listening on UUID daemon activation socket.
[[0;32m  OK  [0m] Started Message of the Day.
[[0;32m  OK  [0m] Listening on D-Bus System Message Bus Socket.
[[0;32m  OK  [0m] Started Daily Cleanup of Temporary Directories.
[[0;32m  OK  [0m] Started Ubuntu Advantage Timer for running repeated jobs.
[[0;32m  OK  [0m] Listening on ACPID Listen Socket.
[[0;32m  OK  [0m] Listening on Open-iSCSI iscsid Socket.
[[0;32m  OK  [0m] Started Daily apt download activities.
[[0;32m  OK  [0m] Started Daily apt upgrade and clean activities.
[[0;32m  OK  [0m] Reached target Timers.
[[0;32m  OK  [0m] Started ACPI Events Check.
[[0;32m  OK  [0m] Reached target Paths.
         Starting Socket activation for snappy daemon.
         Starting LXD - unix socket.
[[0;32m  OK  [0m] Reached target Cloud-config availability.
[[0;32m  OK  [0m] Listening on Socket activation for snappy daemon.
[[0;32m  OK  [0m] Listening on LXD - unix socket.
[[0;32m  OK  [0m] Reached target Sockets.
[[0;32m  OK  [0m] Reached target Basic System.
         Starting Login Service...
         Starting Permit User Sessions...
[[0;32m  OK  [0m] Started irqbalance daemon.
[[0;32m  OK  [0m] Started Regular background program processing daemon.
         Starting Snap Daemon...
[[0;32m  OK  [0m] Started FUSE filesystem for LXC.
         Starting Pollinate to seed the pseudo random number generator...
         Starting Accounts Service...
         Starting Dispatcher daemon for systemd-networkd...
[[0;32m  OK  [0m] Reached target Login Prompts (Pre).
         Starting Virtualbox guest utils...
         Starting LSB: automatic crash report generation...
[[0;32m  OK  [0m] Started D-Bus System Message Bus.
         Starting LSB: Record successful boot for GRUB...
[[0;32m  OK  [0m] Started Deferred execution scheduler.
         Starting System Logging Service...
         Starting LXD - container startup/shutdown...
[[0;32m  OK  [0m] Started Availability of block devices.
[[0;32m  OK  [0m] Started Permit User Sessions.
[[0;32m  OK  [0m] Started Login Service.
[[0;32m  OK  [0m] Started Unattended Upgrades Shutdown.
         Starting Hold until boot process finishes up...
         Starting Terminate Plymouth Boot Screen...
[[0;32m  OK  [0m] Started Hold until boot process finishes up.
[[0;32m  OK  [0m] Started Terminate Plymouth Boot Screen.
         Starting Set console scheme...
[[0;32m  OK  [0m] Started Serial Getty on ttyS0.
[[0;32m  OK  [0m] Started Set console scheme.
[[0;32m  OK  [0m] Created slice system-getty.slice.
[[0;32m  OK  [0m] Started Getty on tty1.
[[0;32m  OK  [0m] Reached target Login Prompts.
         Starting Authorization Manager...
[[0;32m  OK  [0m] Started LSB: automatic crash report generation.
[[0;32m  OK  [0m] Started LSB: Record successful boot for GRUB.

Ubuntu 18.04.6 LTS ubuntu-bionic ttyS0

ubuntu-bionic login: [  257.191233] cloud-init[2149]: Cloud-init v. 23.1.2-0ubuntu0~18.04.1 running 'modules:config' at Wed, 10 Jul 2024 23:04:23 +0000. Up 173.42 seconds.
ci-info: no authorized SSH keys fingerprints found for user ubuntu.
<14>Jul 10 23:06:55 cloud-init: #############################################################
<14>Jul 10 23:06:55 cloud-init: -----BEGIN SSH HOST KEY FINGERPRINTS-----
<14>Jul 10 23:06:58 cloud-init: 1024 SHA256:uB+9g/0Lr2e/hGWvdp7tpp5m0s0iu1kEjwUGiwBKE8A root@ubuntu-bionic (DSA)
<14>Jul 10 23:06:58 cloud-init: 256 SHA256:b1PmhNDHnkW5OpkPOLqHdH3lm0RD1zTE66fRrutEPbM root@ubuntu-bionic (ECDSA)
<14>Jul 10 23:06:58 cloud-init: 256 SHA256:uYaLvaRDn0g1Grtsn1hgGgfj0LjwuBHqZqBa+b+W9Ko root@ubuntu-bionic (ED25519)
<14>Jul 10 23:06:58 cloud-init: 2048 SHA256:edGqdL6dWxE599Rc773Vr2vi5EgeaS0yMXWlHh0PPKo root@ubuntu-bionic (RSA)
<14>Jul 10 23:06:58 cloud-init: -----END SSH HOST KEY FINGERPRINTS-----
<14>Jul 10 23:06:58 cloud-init: #############################################################
-----BEGIN SSH HOST KEY KEYS-----
ecdsa-sha2-nistp256 AAAAE2VjZHNhLXNoYTItbmlzdHAyNTYAAAAIbmlzdHAyNTYAAABBBCc4taiZQtwph9wTNoW2EoJRddt0SwSSwfaxrVADIiq3ccfmUN9BOfbOXcgvgMpESfCOIc7IyZgS9rD4lFzOMdo= root@ubuntu-bionic
ssh-ed25519 AAAAC3NzaC1lZDI1NTE5AAAAIF96INfhSRJZRQixMuEQjJYkKl613u3tzSrnrAfCyzYB root@ubuntu-bionic
ssh-rsa AAAAB3NzaC1yc2EAAAADAQABAAABAQDJUNIQFgsKQuRJwNVIE7cUlogZBLNXPogtH0Y3RRwsCp3eWMV4r+og11bavcSuc6H0eGNXOJIrtzMuwYpZhdd7mryKvvrpJkK6qedvgj27KdhoLIEHkrvx7XYJd07CuRJu/0cQCYu8aD26PWuNpyYvJLVAlzoAyKzaRmH8OWIEQ8+MMGkw/jPMNANxN5mYfQiUr1/NJT7Ifl7VZCQ87YWEPBKHU7oe7yd0+riMf+jgdSj0/RfR46gBUbpTk1MM9DWnjOgERniWZWYw5Gobeq6PIQJtrKBNCMxyUWw8WXIqO4BVrtvaKm6vmUgEGkWEyf73243bo+o8lM0+jlBhZQ5P root@ubuntu-bionic
-----END SSH HOST KEY KEYS-----
[  328.777160] cloud-init[3243]: Cloud-init v. 23.1.2-0ubuntu0~18.04.1 running 'modules:final' at Wed, 10 Jul 2024 23:06:41 +0000. Up 311.35 seconds.
[  328.780376] cloud-init[3243]: Cloud-init v. 23.1.2-0ubuntu0~18.04.1 finished at Wed, 10 Jul 2024 23:06:59 +0000. Datasource DataSourceNoCloud [seed=/dev/sdb][dsmode=net].  Up 328.76 seconds
